<?xml version="1.0" encoding="UTF-8"?>
<!-- Generated by org.testng.reporters.JUnitXMLReporter -->
<testsuite ignored="0" hostname="DESKTOP-BDETOOS" failures="0" tests="3" name="Default test" time="52.007" errors="0" timestamp="2025-06-12T15:16:18 IST">
  <testcase classname="com.CRM.ModuleTest.OrganizationModuleTest" name="createIndTypeTest" time="11.977"/>
  <testcase classname="com.CRM.ModuleTest.OrganizationModuleTest" name="createOrgPhoneTest" time="11.245"/>
  <testcase classname="com.CRM.ModuleTest.OrganizationModuleTest" name="createOrgTest" time="10.785"/>
</testsuite> <!-- Default test -->
