<?xml version="1.0" encoding="UTF-8"?>
<!-- Generated by org.testng.reporters.JUnitXMLReporter -->
<testsuite ignored="0" hostname="DESKTOP-BDETOOS" failures="0" tests="3" name="Test2" time="94.593" errors="0" timestamp="2025-06-03T13:27:00 IST">
  <testcase classname="com.CRM.ModuleTest.ContactModuleTest" name="createContactSupportDateTest" time="21.58"/>
  <testcase classname="com.CRM.ModuleTest.ContactModuleTest" name="createContactTest" time="15.376"/>
  <testcase classname="com.CRM.ModuleTest.ContactModuleTest" name="createContactWithOrgTest" time="28.772"/>
</testsuite> <!-- Test2 -->
