<?xml version="1.0" encoding="UTF-8"?>
<testng-results ignored="0" total="3" passed="3" failed="0" skipped="0">
  <reporter-output>
  </reporter-output>
  <suite started-at="2025-06-12T15:15:26 IST" name="Default suite" finished-at="2025-06-12T15:16:18 IST" duration-ms="52007">
    <groups>
      <group name="Smoke Testing">
        <method signature="OrganizationModuleTest.createOrgTest()[pri:0, instance:com.CRM.ModuleTest.OrganizationModuleTest@2d1ef81a]" name="createOrgTest" class="com.CRM.ModuleTest.OrganizationModuleTest"/>
      </group> <!-- Smoke Testing -->
      <group name="Regression Testing">
        <method signature="OrganizationModuleTest.createIndTypeTest()[pri:0, instance:com.CRM.ModuleTest.OrganizationModuleTest@2d1ef81a]" name="createIndTypeTest" class="com.CRM.ModuleTest.OrganizationModuleTest"/>
        <method signature="OrganizationModuleTest.createOrgPhoneTest()[pri:0, instance:com.CRM.ModuleTest.OrganizationModuleTest@2d1ef81a]" name="createOrgPhoneTest" class="com.CRM.ModuleTest.OrganizationModuleTest"/>
      </group> <!-- Regression Testing -->
    </groups>
    <test started-at="2025-06-12T15:15:26 IST" name="Default test" finished-at="2025-06-12T15:16:18 IST" duration-ms="52007">
      <class name="com.CRM.ModuleTest.OrganizationModuleTest">
        <test-method is-config="true" signature="configBS()[pri:0, instance:com.CRM.ModuleTest.OrganizationModuleTest@2d1ef81a]" started-at="2025-06-12T15:15:26 IST" name="configBS" finished-at="2025-06-12T15:15:26 IST" duration-ms="307" status="PASS">
          <reporter-output>
          </reporter-output>
        </test-method> <!-- configBS -->
        <test-method is-config="true" signature="configBT()[pri:0, instance:com.CRM.ModuleTest.OrganizationModuleTest@2d1ef81a]" started-at="2025-06-12T15:15:26 IST" name="configBT" finished-at="2025-06-12T15:15:26 IST" duration-ms="0" status="PASS">
          <reporter-output>
          </reporter-output>
        </test-method> <!-- configBT -->
        <test-method is-config="true" signature="configBC()[pri:0, instance:com.CRM.ModuleTest.OrganizationModuleTest@2d1ef81a]" started-at="2025-06-12T15:15:26 IST" name="configBC" finished-at="2025-06-12T15:15:30 IST" duration-ms="3227" status="PASS">
          <reporter-output>
          </reporter-output>
        </test-method> <!-- configBC -->
        <test-method is-config="true" signature="configBM()[pri:0, instance:com.CRM.ModuleTest.OrganizationModuleTest@2d1ef81a]" started-at="2025-06-12T15:15:30 IST" name="configBM" finished-at="2025-06-12T15:15:34 IST" duration-ms="3916" status="PASS">
          <reporter-output>
          </reporter-output>
        </test-method> <!-- configBM -->
        <test-method signature="createIndTypeTest()[pri:0, instance:com.CRM.ModuleTest.OrganizationModuleTest@2d1ef81a]" started-at="2025-06-12T15:15:34 IST" name="createIndTypeTest" finished-at="2025-06-12T15:15:46 IST" duration-ms="11977" status="PASS">
          <reporter-output>
          </reporter-output>
        </test-method> <!-- createIndTypeTest -->
        <test-method is-config="true" signature="configAM()[pri:0, instance:com.CRM.ModuleTest.OrganizationModuleTest@2d1ef81a]" started-at="2025-06-12T15:15:46 IST" name="configAM" finished-at="2025-06-12T15:15:47 IST" duration-ms="1444" status="PASS">
          <reporter-output>
          </reporter-output>
        </test-method> <!-- configAM -->
        <test-method is-config="true" signature="configBM()[pri:0, instance:com.CRM.ModuleTest.OrganizationModuleTest@2d1ef81a]" started-at="2025-06-12T15:15:47 IST" name="configBM" finished-at="2025-06-12T15:15:50 IST" duration-ms="3219" status="PASS">
          <reporter-output>
          </reporter-output>
        </test-method> <!-- configBM -->
        <test-method signature="createOrgPhoneTest()[pri:0, instance:com.CRM.ModuleTest.OrganizationModuleTest@2d1ef81a]" started-at="2025-06-12T15:15:50 IST" name="createOrgPhoneTest" finished-at="2025-06-12T15:16:01 IST" duration-ms="11245" status="PASS">
          <reporter-output>
          </reporter-output>
        </test-method> <!-- createOrgPhoneTest -->
        <test-method is-config="true" signature="configAM()[pri:0, instance:com.CRM.ModuleTest.OrganizationModuleTest@2d1ef81a]" started-at="2025-06-12T15:16:01 IST" name="configAM" finished-at="2025-06-12T15:16:03 IST" duration-ms="1291" status="PASS">
          <reporter-output>
          </reporter-output>
        </test-method> <!-- configAM -->
        <test-method is-config="true" signature="configBM()[pri:0, instance:com.CRM.ModuleTest.OrganizationModuleTest@2d1ef81a]" started-at="2025-06-12T15:16:03 IST" name="configBM" finished-at="2025-06-12T15:16:06 IST" duration-ms="3042" status="PASS">
          <reporter-output>
          </reporter-output>
        </test-method> <!-- configBM -->
        <test-method signature="createOrgTest()[pri:0, instance:com.CRM.ModuleTest.OrganizationModuleTest@2d1ef81a]" started-at="2025-06-12T15:16:06 IST" name="createOrgTest" finished-at="2025-06-12T15:16:17 IST" duration-ms="10785" status="PASS">
          <reporter-output>
          </reporter-output>
        </test-method> <!-- createOrgTest -->
        <test-method is-config="true" signature="configAM()[pri:0, instance:com.CRM.ModuleTest.OrganizationModuleTest@2d1ef81a]" started-at="2025-06-12T15:16:17 IST" name="configAM" finished-at="2025-06-12T15:16:18 IST" duration-ms="1417" status="PASS">
          <reporter-output>
          </reporter-output>
        </test-method> <!-- configAM -->
        <test-method is-config="true" signature="configAC()[pri:0, instance:com.CRM.ModuleTest.OrganizationModuleTest@2d1ef81a]" started-at="2025-06-12T15:16:18 IST" name="configAC" finished-at="2025-06-12T15:16:18 IST" duration-ms="370" status="PASS">
          <reporter-output>
          </reporter-output>
        </test-method> <!-- configAC -->
        <test-method is-config="true" signature="configAT()[pri:0, instance:com.CRM.ModuleTest.OrganizationModuleTest@2d1ef81a]" started-at="2025-06-12T15:16:18 IST" name="configAT" finished-at="2025-06-12T15:16:18 IST" duration-ms="1" status="PASS">
          <reporter-output>
          </reporter-output>
        </test-method> <!-- configAT -->
        <test-method is-config="true" signature="configAS()[pri:0, instance:com.CRM.ModuleTest.OrganizationModuleTest@2d1ef81a]" started-at="2025-06-12T15:16:18 IST" name="configAS" finished-at="2025-06-12T15:16:18 IST" duration-ms="1" status="PASS">
          <reporter-output>
          </reporter-output>
        </test-method> <!-- configAS -->
      </class> <!-- com.CRM.ModuleTest.OrganizationModuleTest -->
    </test> <!-- Default test -->
  </suite> <!-- Default suite -->
</testng-results>
