<?xml version="1.0" encoding="UTF-8"?>
<!-- Generated by org.testng.reporters.JUnitReportReporter -->
<testsuite hostname="DESKTOP-BDETOOS" failures="0" tests="3" name="com.CRM.ModuleTest.OrganizationModuleTest" time="48.336" errors="0" timestamp="2025-06-12T15:16:19 IST" skipped="0">
  <testcase classname="com.CRM.ModuleTest.OrganizationModuleTest" name="createOrgPhoneTest" time="16.578"/>
  <system-out/>
  <testcase classname="com.CRM.ModuleTest.OrganizationModuleTest" name="createOrgTest" time="15.448"/>
  <system-out/>
  <testcase classname="com.CRM.ModuleTest.OrganizationModuleTest" name="createIndTypeTest" time="16.310"/>
  <system-out/>
</testsuite> <!-- com.CRM.ModuleTest.OrganizationModuleTest -->
